kotlin version: 2.0.0
error message: Incremental compilation failed: null
java.io.EOFException
	at java.base/java.io.DataInputStream.readFully(Unknown Source)
	at org.jetbrains.kotlin.com.intellij.util.io.IOUtil.readUTFFast(IOUtil.java:146)
	at org.jetbrains.kotlin.com.intellij.util.io.IOUtil.readUTF(IOUtil.java:98)
	at org.jetbrains.kotlin.com.intellij.util.io.EnumeratorStringDescriptor.read(EnumeratorStringDescriptor.java:40)
	at org.jetbrains.kotlin.incremental.storage.LegacyFqNameExternalizer.read(ClassOneToManyMap.kt:77)
	at org.jetbrains.kotlin.incremental.storage.LegacyFqNameExternalizer.read(ClassOneToManyMap.kt:70)
	at org.jetbrains.kotlin.incremental.storage.AppendableCollectionExternalizer.read(LazyStorage.kt:142)
	at org.jetbrains.kotlin.incremental.storage.AppendableCollectionExternalizer.read(LazyStorage.kt:125)
	at org.jetbrains.kotlin.com.intellij.util.io.PersistentMapImpl.doGet(PersistentMapImpl.java:608)
	at org.jetbrains.kotlin.com.intellij.util.io.PersistentMapImpl.get(PersistentMapImpl.java:545)
	at org.jetbrains.kotlin.com.intellij.util.io.PersistentHashMap.get(PersistentHashMap.java:178)
	at org.jetbrains.kotlin.incremental.storage.LazyStorage.get(LazyStorage.kt:74)
	at org.jetbrains.kotlin.incremental.storage.InMemoryStorage.get(InMemoryStorage.kt:68)
	at org.jetbrains.kotlin.incremental.storage.AppendableInMemoryStorage.get(InMemoryStorage.kt:151)
	at org.jetbrains.kotlin.incremental.storage.AppendableInMemoryStorage.get(InMemoryStorage.kt:143)
	at org.jetbrains.kotlin.incremental.storage.AppendableSetBasicMap.get(BasicMap.kt:137)
	at org.jetbrains.kotlin.incremental.AbstractIncrementalCache.getSupertypesOf(AbstractIncrementalCache.kt:101)
	at org.jetbrains.kotlin.incremental.BuildUtilKt.findSealedSupertypes(buildUtil.kt:270)
	at org.jetbrains.kotlin.incremental.AbstractIncrementalCache.getComplementaryFilesRecursive(AbstractIncrementalCache.kt:215)
	at org.jetbrains.kotlin.incremental.IncrementalCompilerRunner.doCompile(IncrementalCompilerRunner.kt:478)
	at org.jetbrains.kotlin.incremental.IncrementalCompilerRunner.compileImpl(IncrementalCompilerRunner.kt:423)
	at org.jetbrains.kotlin.incremental.IncrementalCompilerRunner.tryCompileIncrementally$lambda$9$compile(IncrementalCompilerRunner.kt:249)
	at org.jetbrains.kotlin.incremental.IncrementalCompilerRunner.tryCompileIncrementally(IncrementalCompilerRunner.kt:267)
	at org.jetbrains.kotlin.incremental.IncrementalCompilerRunner.compile(IncrementalCompilerRunner.kt:120)
	at org.jetbrains.kotlin.daemon.CompileServiceImplBase.execIncrementalCompiler(CompileServiceImpl.kt:676)
	at org.jetbrains.kotlin.daemon.CompileServiceImplBase.access$execIncrementalCompiler(CompileServiceImpl.kt:92)
	at org.jetbrains.kotlin.daemon.CompileServiceImpl.compile(CompileServiceImpl.kt:1661)
	at java.base/jdk.internal.reflect.DirectMethodHandleAccessor.invoke(Unknown Source)
	at java.base/java.lang.reflect.Method.invoke(Unknown Source)
	at java.rmi/sun.rmi.server.UnicastServerRef.dispatch(Unknown Source)
	at java.rmi/sun.rmi.transport.Transport$1.run(Unknown Source)
	at java.rmi/sun.rmi.transport.Transport$1.run(Unknown Source)
	at java.base/java.security.AccessController.doPrivileged(Unknown Source)
	at java.rmi/sun.rmi.transport.Transport.serviceCall(Unknown Source)
	at java.rmi/sun.rmi.transport.tcp.TCPTransport.handleMessages(Unknown Source)
	at java.rmi/sun.rmi.transport.tcp.TCPTransport$ConnectionHandler.run0(Unknown Source)
	at java.rmi/sun.rmi.transport.tcp.TCPTransport$ConnectionHandler.lambda$run$0(Unknown Source)
	at java.base/java.security.AccessController.doPrivileged(Unknown Source)
	at java.rmi/sun.rmi.transport.tcp.TCPTransport$ConnectionHandler.run(Unknown Source)
	at java.base/java.util.concurrent.ThreadPoolExecutor.runWorker(Unknown Source)
	at java.base/java.util.concurrent.ThreadPoolExecutor$Worker.run(Unknown Source)
	at java.base/java.lang.Thread.run(Unknown Source)


